  ArcBall.cpp
E:\CMP405 Tools\WFFC-Edit\WOFFCEdit\ArcBall.cpp(56,12): warning C4244: 'initializing': conversion from 'double' to 'float', possible loss of data
E:\CMP405 Tools\WFFC-Edit\WOFFCEdit\ArcBall.cpp(57,12): warning C4244: 'initializing': conversion from 'double' to 'float', possible loss of data
E:\CMP405 Tools\WFFC-Edit\WOFFCEdit\ArcBall.cpp(90,43): warning C4244: '=': conversion from 'double' to 'float', possible loss of data
E:\CMP405 Tools\WFFC-Edit\WOFFCEdit\ArcBall.cpp(91,43): warning C4244: '=': conversion from 'double' to 'float', possible loss of data
E:\CMP405 Tools\WFFC-Edit\WOFFCEdit\ArcBall.cpp(92,43): warning C4244: '=': conversion from 'double' to 'float', possible loss of data
  Camera.cpp
E:\CMP405 Tools\WFFC-Edit\WOFFCEdit\Camera.cpp(9,20): warning C4305: '=': truncation from 'double' to 'float'
E:\CMP405 Tools\WFFC-Edit\WOFFCEdit\Camera.cpp(18,27): warning C4305: '=': truncation from 'double' to 'float'
E:\CMP405 Tools\WFFC-Edit\WOFFCEdit\Camera.cpp(74,13): warning C4244: 'initializing': conversion from 'double' to 'float', possible loss of data
E:\CMP405 Tools\WFFC-Edit\WOFFCEdit\Camera.cpp(75,13): warning C4244: 'initializing': conversion from 'double' to 'float', possible loss of data
E:\CMP405 Tools\WFFC-Edit\WOFFCEdit\Camera.cpp(113,64): warning C4244: '=': conversion from 'double' to 'float', possible loss of data
E:\CMP405 Tools\WFFC-Edit\WOFFCEdit\Camera.cpp(114,28): warning C4244: '=': conversion from 'double' to 'float', possible loss of data
E:\CMP405 Tools\WFFC-Edit\WOFFCEdit\Camera.cpp(115,64): warning C4244: '=': conversion from 'double' to 'float', possible loss of data
E:\CMP405 Tools\WFFC-Edit\WOFFCEdit\Camera.cpp(196,38): warning C4244: '-=': conversion from 'double' to 'float', possible loss of data
  ChunkObject.cpp
  CopyPaste.cpp
  DeviceResources.cpp
  DisplayChunk.cpp
E:\CMP405 Tools\WFFC-Edit\WOFFCEdit\DisplayChunk.cpp(14,50): warning C4305: '=': truncation from 'double' to 'float'
E:\CMP405 Tools\WFFC-Edit\WOFFCEdit\DisplayChunk.cpp(15,49): warning C4244: '=': conversion from 'int' to 'float', possible loss of data
E:\CMP405 Tools\WFFC-Edit\WOFFCEdit\DisplayChunk.cpp(96,39): warning C4267: '=': conversion from 'size_t' to 'int', possible loss of data
E:\CMP405 Tools\WFFC-Edit\WOFFCEdit\DisplayChunk.cpp(97,185): warning C4244: 'argument': conversion from 'double' to 'float', possible loss of data
E:\CMP405 Tools\WFFC-Edit\WOFFCEdit\DisplayChunk.cpp(97,81): warning C4244: 'argument': conversion from 'double' to 'float', possible loss of data
E:\CMP405 Tools\WFFC-Edit\WOFFCEdit\DisplayChunk.cpp(117,10): error C4996: 'fopen': This function or variable may be unsafe. Consider using fopen_s instead. To disable deprecation, use _CRT_SECURE_NO_WARNINGS. See online help for details.
E:\CMP405 Tools\WFFC-Edit\WOFFCEdit\DisplayChunk.cpp(194,10): error C4996: 'fopen': This function or variable may be unsafe. Consider using fopen_s instead. To disable deprecation, use _CRT_SECURE_NO_WARNINGS. See online help for details.
E:\CMP405 Tools\WFFC-Edit\WOFFCEdit\DisplayChunk.cpp(217,39): warning C4267: '=': conversion from 'size_t' to 'int', possible loss of data
E:\CMP405 Tools\WFFC-Edit\WOFFCEdit\DisplayChunk.cpp(218,68): warning C4244: '=': conversion from 'float' to 'BYTE', possible loss of data
E:\CMP405 Tools\WFFC-Edit\WOFFCEdit\DisplayChunk.cpp(225,30): warning C4101: 'index4': unreferenced local variable
E:\CMP405 Tools\WFFC-Edit\WOFFCEdit\DisplayChunk.cpp(225,14): warning C4101: 'index2': unreferenced local variable
E:\CMP405 Tools\WFFC-Edit\WOFFCEdit\DisplayChunk.cpp(225,22): warning C4101: 'index3': unreferenced local variable
E:\CMP405 Tools\WFFC-Edit\WOFFCEdit\DisplayChunk.cpp(225,6): warning C4101: 'index1': unreferenced local variable
  DisplayObject.cpp
  Game.cpp
E:\CMP405 Tools\WFFC-Edit\WOFFCEdit\Game.cpp(68,32): warning C4244: 'argument': conversion from 'int' to 'float', possible loss of data
E:\CMP405 Tools\WFFC-Edit\WOFFCEdit\Game.cpp(68,25): warning C4244: 'argument': conversion from 'int' to 'float', possible loss of data
E:\CMP405 Tools\WFFC-Edit\WOFFCEdit\Game.cpp(69,34): warning C4244: 'argument': conversion from 'int' to 'float', possible loss of data
E:\CMP405 Tools\WFFC-Edit\WOFFCEdit\Game.cpp(69,27): warning C4244: 'argument': conversion from 'int' to 'float', possible loss of data
E:\CMP405 Tools\WFFC-Edit\WOFFCEdit\Game.cpp(211,45): warning C4267: 'initializing': conversion from 'size_t' to 'int', possible loss of data
E:\CMP405 Tools\WFFC-Edit\WOFFCEdit\Game.cpp(221,57): warning C4244: 'argument': conversion from 'double' to 'float', possible loss of data
E:\CMP405 Tools\WFFC-Edit\WOFFCEdit\Game.cpp(220,57): warning C4244: 'argument': conversion from 'double' to 'float', possible loss of data
E:\CMP405 Tools\WFFC-Edit\WOFFCEdit\Game.cpp(219,97): warning C4244: 'argument': conversion from 'double' to 'float', possible loss of data
E:\CMP405 Tools\WFFC-Edit\WOFFCEdit\Game.cpp(262,13): warning C4101: 'Buffer': unreferenced local variable
E:\CMP405 Tools\WFFC-Edit\WOFFCEdit\Game.cpp(469,55): warning C4244: 'argument': conversion from 'double' to 'float', possible loss of data
E:\CMP405 Tools\WFFC-Edit\WOFFCEdit\Game.cpp(468,55): warning C4244: 'argument': conversion from 'double' to 'float', possible loss of data
E:\CMP405 Tools\WFFC-Edit\WOFFCEdit\Game.cpp(467,104): warning C4244: 'argument': conversion from 'double' to 'float', possible loss of data
E:\CMP405 Tools\WFFC-Edit\WOFFCEdit\Game.cpp(475,117): warning C4244: 'argument': conversion from 'LONG' to 'float', possible loss of data
E:\CMP405 Tools\WFFC-Edit\WOFFCEdit\Game.cpp(475,91): warning C4244: 'argument': conversion from 'LONG' to 'float', possible loss of data
E:\CMP405 Tools\WFFC-Edit\WOFFCEdit\Game.cpp(476,115): warning C4244: 'argument': conversion from 'LONG' to 'float', possible loss of data
E:\CMP405 Tools\WFFC-Edit\WOFFCEdit\Game.cpp(476,89): warning C4244: 'argument': conversion from 'LONG' to 'float', possible loss of data
E:\CMP405 Tools\WFFC-Edit\WOFFCEdit\Game.cpp(541,37): warning C4267: 'initializing': conversion from 'size_t' to 'int', possible loss of data
E:\CMP405 Tools\WFFC-Edit\WOFFCEdit\Game.cpp(754,119): warning C4244: 'argument': conversion from 'LONG' to 'float', possible loss of data
E:\CMP405 Tools\WFFC-Edit\WOFFCEdit\Game.cpp(754,93): warning C4244: 'argument': conversion from 'LONG' to 'float', possible loss of data
E:\CMP405 Tools\WFFC-Edit\WOFFCEdit\Game.cpp(755,117): warning C4244: 'argument': conversion from 'LONG' to 'float', possible loss of data
E:\CMP405 Tools\WFFC-Edit\WOFFCEdit\Game.cpp(755,91): warning C4244: 'argument': conversion from 'LONG' to 'float', possible loss of data
E:\CMP405 Tools\WFFC-Edit\WOFFCEdit\Game.cpp(830,119): warning C4244: 'argument': conversion from 'LONG' to 'float', possible loss of data
E:\CMP405 Tools\WFFC-Edit\WOFFCEdit\Game.cpp(830,93): warning C4244: 'argument': conversion from 'LONG' to 'float', possible loss of data
E:\CMP405 Tools\WFFC-Edit\WOFFCEdit\Game.cpp(831,117): warning C4244: 'argument': conversion from 'LONG' to 'float', possible loss of data
E:\CMP405 Tools\WFFC-Edit\WOFFCEdit\Game.cpp(831,91): warning C4244: 'argument': conversion from 'LONG' to 'float', possible loss of data
  Main.cpp
  _WIN32_WINNT not defined. Defaulting to _WIN32_WINNT_MAXVER (see WinSDKVer.h)
  MFCFrame.cpp
  _WIN32_WINNT not defined. Defaulting to _WIN32_WINNT_MAXVER (see WinSDKVer.h)
  MFCRenderFrame.cpp
  _WIN32_WINNT not defined. Defaulting to _WIN32_WINNT_MAXVER (see WinSDKVer.h)
  ObjectManip.cpp
  _WIN32_WINNT not defined. Defaulting to _WIN32_WINNT_MAXVER (see WinSDKVer.h)
E:\CMP405 Tools\WFFC-Edit\WOFFCEdit\ObjectManip.cpp(61,44): warning C4267: 'initializing': conversion from 'size_t' to 'int', possible loss of data
E:\CMP405 Tools\WFFC-Edit\WOFFCEdit\ObjectManip.cpp(97,38): warning C4305: 'argument': truncation from 'double' to 'float'
E:\CMP405 Tools\WFFC-Edit\WOFFCEdit\ObjectManip.cpp(98,38): warning C4305: 'argument': truncation from 'double' to 'float'
E:\CMP405 Tools\WFFC-Edit\WOFFCEdit\ObjectManip.cpp(99,38): warning C4305: 'argument': truncation from 'double' to 'float'
  pch.cpp
  MFCMain.cpp
  _WIN32_WINNT not defined. Defaulting to _WIN32_WINNT_MAXVER (see WinSDKVer.h)
  SceneObject.cpp
  SelectDialogue.cpp
  _WIN32_WINNT not defined. Defaulting to _WIN32_WINNT_MAXVER (see WinSDKVer.h)
E:\CMP405 Tools\WFFC-Edit\WOFFCEdit\SelectDialogue.cpp(41,44): warning C4267: 'initializing': conversion from 'size_t' to 'int', possible loss of data
  ToolMain.cpp
  _WIN32_WINNT not defined. Defaulting to _WIN32_WINNT_MAXVER (see WinSDKVer.h)
E:\CMP405 Tools\WFFC-Edit\WOFFCEdit\ToolMain.cpp(106,46): warning C4244: '=': conversion from 'double' to 'float', possible loss of data
E:\CMP405 Tools\WFFC-Edit\WOFFCEdit\ToolMain.cpp(107,46): warning C4244: '=': conversion from 'double' to 'float', possible loss of data
E:\CMP405 Tools\WFFC-Edit\WOFFCEdit\ToolMain.cpp(108,46): warning C4244: '=': conversion from 'double' to 'float', possible loss of data
E:\CMP405 Tools\WFFC-Edit\WOFFCEdit\ToolMain.cpp(109,46): warning C4244: '=': conversion from 'double' to 'float', possible loss of data
E:\CMP405 Tools\WFFC-Edit\WOFFCEdit\ToolMain.cpp(110,46): warning C4244: '=': conversion from 'double' to 'float', possible loss of data
E:\CMP405 Tools\WFFC-Edit\WOFFCEdit\ToolMain.cpp(111,46): warning C4244: '=': conversion from 'double' to 'float', possible loss of data
E:\CMP405 Tools\WFFC-Edit\WOFFCEdit\ToolMain.cpp(112,46): warning C4244: '=': conversion from 'double' to 'float', possible loss of data
E:\CMP405 Tools\WFFC-Edit\WOFFCEdit\ToolMain.cpp(113,46): warning C4244: '=': conversion from 'double' to 'float', possible loss of data
E:\CMP405 Tools\WFFC-Edit\WOFFCEdit\ToolMain.cpp(114,46): warning C4244: '=': conversion from 'double' to 'float', possible loss of data
E:\CMP405 Tools\WFFC-Edit\WOFFCEdit\ToolMain.cpp(126,48): warning C4244: '=': conversion from 'double' to 'float', possible loss of data
E:\CMP405 Tools\WFFC-Edit\WOFFCEdit\ToolMain.cpp(127,48): warning C4244: '=': conversion from 'double' to 'float', possible loss of data
E:\CMP405 Tools\WFFC-Edit\WOFFCEdit\ToolMain.cpp(128,48): warning C4244: '=': conversion from 'double' to 'float', possible loss of data
E:\CMP405 Tools\WFFC-Edit\WOFFCEdit\ToolMain.cpp(132,48): warning C4244: '=': conversion from 'double' to 'float', possible loss of data
E:\CMP405 Tools\WFFC-Edit\WOFFCEdit\ToolMain.cpp(133,47): warning C4244: '=': conversion from 'double' to 'float', possible loss of data
E:\CMP405 Tools\WFFC-Edit\WOFFCEdit\ToolMain.cpp(134,42): warning C4244: '=': conversion from 'int' to 'float', possible loss of data
E:\CMP405 Tools\WFFC-Edit\WOFFCEdit\ToolMain.cpp(138,50): warning C4244: '=': conversion from 'double' to 'int', possible loss of data
E:\CMP405 Tools\WFFC-Edit\WOFFCEdit\ToolMain.cpp(139,50): warning C4244: '=': conversion from 'double' to 'int', possible loss of data
E:\CMP405 Tools\WFFC-Edit\WOFFCEdit\ToolMain.cpp(149,57): warning C4244: '=': conversion from 'double' to 'float', possible loss of data
E:\CMP405 Tools\WFFC-Edit\WOFFCEdit\ToolMain.cpp(150,57): warning C4244: '=': conversion from 'double' to 'float', possible loss of data
E:\CMP405 Tools\WFFC-Edit\WOFFCEdit\ToolMain.cpp(151,57): warning C4244: '=': conversion from 'double' to 'float', possible loss of data
E:\CMP405 Tools\WFFC-Edit\WOFFCEdit\ToolMain.cpp(152,58): warning C4244: '=': conversion from 'double' to 'float', possible loss of data
E:\CMP405 Tools\WFFC-Edit\WOFFCEdit\ToolMain.cpp(153,58): warning C4244: '=': conversion from 'double' to 'float', possible loss of data
E:\CMP405 Tools\WFFC-Edit\WOFFCEdit\ToolMain.cpp(154,58): warning C4244: '=': conversion from 'double' to 'float', possible loss of data
E:\CMP405 Tools\WFFC-Edit\WOFFCEdit\ToolMain.cpp(155,59): warning C4244: '=': conversion from 'double' to 'float', possible loss of data
E:\CMP405 Tools\WFFC-Edit\WOFFCEdit\ToolMain.cpp(156,56): warning C4244: '=': conversion from 'double' to 'float', possible loss of data
E:\CMP405 Tools\WFFC-Edit\WOFFCEdit\ToolMain.cpp(157,54): warning C4244: '=': conversion from 'double' to 'float', possible loss of data
E:\CMP405 Tools\WFFC-Edit\WOFFCEdit\ToolMain.cpp(158,57): warning C4244: '=': conversion from 'double' to 'float', possible loss of data
E:\CMP405 Tools\WFFC-Edit\WOFFCEdit\ToolMain.cpp(221,38): warning C4267: 'initializing': conversion from 'size_t' to 'int', possible loss of data
E:\CMP405 Tools\WFFC-Edit\WOFFCEdit\ToolMain.cpp(396,39): warning C4353: nonstandard extension used: constant 0 as function expression.  Use '__noop' function intrinsic instead
E:\CMP405 Tools\WFFC-Edit\WOFFCEdit\ToolMain.cpp(443,33): warning C4244: '=': conversion from 'int' to 'float', possible loss of data
E:\CMP405 Tools\WFFC-Edit\WOFFCEdit\ToolMain.cpp(444,33): warning C4244: '=': conversion from 'int' to 'float', possible loss of data
