e:\cmp405 tools\wffc-edit\woffcedit\debug\vc143.pdb
e:\cmp405 tools\wffc-edit\woffcedit\debug\vc143.idb
e:\cmp405 tools\wffc-edit\woffcedit\debug\toolmain.obj
e:\cmp405 tools\wffc-edit\woffcedit\debug\selectdialogue.obj
e:\cmp405 tools\wffc-edit\woffcedit\debug\sceneobject.obj
e:\cmp405 tools\wffc-edit\woffcedit\debug\mfcmain.obj
e:\cmp405 tools\wffc-edit\woffcedit\debug\pch.obj
e:\cmp405 tools\wffc-edit\woffcedit\debug\objectmanip.obj
e:\cmp405 tools\wffc-edit\woffcedit\debug\mfcrenderframe.obj
e:\cmp405 tools\wffc-edit\woffcedit\debug\mfcframe.obj
e:\cmp405 tools\wffc-edit\woffcedit\debug\main.obj
e:\cmp405 tools\wffc-edit\woffcedit\debug\game.obj
e:\cmp405 tools\wffc-edit\woffcedit\debug\displayobject.obj
e:\cmp405 tools\wffc-edit\woffcedit\debug\displaychunk.obj
e:\cmp405 tools\wffc-edit\woffcedit\debug\deviceresources.obj
e:\cmp405 tools\wffc-edit\woffcedit\debug\copypaste.obj
e:\cmp405 tools\wffc-edit\woffcedit\debug\chunkobject.obj
e:\cmp405 tools\wffc-edit\woffcedit\debug\camera.obj
e:\cmp405 tools\wffc-edit\woffcedit\debug\arcball.obj
e:\cmp405 tools\wffc-edit\woffcedit\debug\sqlite3.obj
e:\cmp405 tools\wffc-edit\woffcedit\debug\wofedit.exe
e:\cmp405 tools\wffc-edit\woffcedit\debug\wofedit.ilk
e:\cmp405 tools\wffc-edit\woffcedit\debug\wofedit.pdb
e:\cmp405 tools\wffc-edit\woffcedit\debug\wofedit.tlog\cl.command.1.tlog
e:\cmp405 tools\wffc-edit\woffcedit\debug\wofedit.tlog\cl.read.1.tlog
e:\cmp405 tools\wffc-edit\woffcedit\debug\wofedit.tlog\cl.write.1.tlog
e:\cmp405 tools\wffc-edit\woffcedit\debug\wofedit.tlog\link.command.1.tlog
e:\cmp405 tools\wffc-edit\woffcedit\debug\wofedit.tlog\link.read.1.tlog
e:\cmp405 tools\wffc-edit\woffcedit\debug\wofedit.tlog\link.write.1.tlog
e:\cmp405 tools\wffc-edit\woffcedit\debug\wofedit.tlog\rc.command.1.tlog
e:\cmp405 tools\wffc-edit\woffcedit\debug\wofedit.tlog\rc.read.1.tlog
e:\cmp405 tools\wffc-edit\woffcedit\debug\wofedit.tlog\rc.write.1.tlog
